<?xml version="1.0" encoding="UTF-8"?>
<!-- Generated by org.testng.reporters.JUnitReportReporter -->
<testsuite hostname="PCDGSQ5KR3" failures="0" tests="1" name="com.tmb.tests.PaymentTest" time="14.528" errors="0" timestamp="2023-01-28T23:48:57 EST" skipped="0">
  <testcase classname="com.tmb.tests.PaymentTest" name="test2" time="14.528"/>
  <system-out/>
</testsuite> <!-- com.tmb.tests.PaymentTest -->
