<?xml version="1.0" encoding="UTF-8"?>
<!-- Generated by org.testng.reporters.JUnitReportReporter -->
<testsuite hostname="DESKTOP-NMUOBS7" failures="0" tests="1" name="com.tmb.tests.PaymentTest" time="11.645" errors="0" timestamp="2023-01-29T14:27:17 EST" skipped="0">
  <testcase classname="com.tmb.tests.PaymentTest" name="test2" time="11.645"/>
  <system-out/>
</testsuite> <!-- com.tmb.tests.PaymentTest -->
