<?xml version="1.0" encoding="UTF-8"?>
<!-- Generated by org.testng.reporters.JUnitReportReporter -->
<testsuite hostname="PCDGSQ5KR3" failures="0" tests="3" name="com.tmb.tests.DataSupplierTest" time="0.011" errors="0" timestamp="2023-01-28T23:22:37 EST" skipped="0">
  <testcase classname="com.tmb.tests.DataSupplierTest" name="dataSupplierTest" time="0.001"/>
  <system-out/>
  <testcase classname="com.tmb.tests.DataSupplierTest" name="dataSupplierTest" time="0.009"/>
  <system-out/>
  <testcase classname="com.tmb.tests.DataSupplierTest" name="dataSupplierTest" time="0.001"/>
  <system-out/>
</testsuite> <!-- com.tmb.tests.DataSupplierTest -->
