<?xml version="1.0" encoding="UTF-8"?>
<!-- Generated by org.testng.reporters.JUnitReportReporter -->
<testsuite hostname="PCDGSQ5KR3" failures="0" tests="2" name="com.tmb.tests.HomePageTest" time="22.438" errors="0" timestamp="2023-01-28T23:48:57 EST" skipped="0">
  <testcase classname="com.tmb.tests.HomePageTest" name="titleValidationTest" time="11.628"/>
  <system-out/>
  <testcase classname="com.tmb.tests.HomePageTest" name="titleValidationTest" time="10.810"/>
  <system-out/>
</testsuite> <!-- com.tmb.tests.HomePageTest -->
