<?xml version="1.0" encoding="UTF-8"?>
<!-- Generated by org.testng.reporters.JUnitReportReporter -->
<testsuite hostname="DESKTOP-NMUOBS7" failures="0" tests="2" name="com.tmb.tests.HomePageTest" time="23.160" errors="0" timestamp="2023-01-29T14:27:17 EST" skipped="0">
  <testcase classname="com.tmb.tests.HomePageTest" name="titleValidationTest" time="11.179"/>
  <system-out/>
  <testcase classname="com.tmb.tests.HomePageTest" name="titleValidationTest" time="11.981"/>
  <system-out/>
</testsuite> <!-- com.tmb.tests.HomePageTest -->
